[2022-09-05 09:24:36,262] {taskinstance.py:1179} INFO - Dependencies all met for <TaskInstance: create_tables.check_file scheduled__2022-09-01T00:00:00+00:00 [queued]>
[2022-09-05 09:24:36,320] {taskinstance.py:1179} INFO - Dependencies all met for <TaskInstance: create_tables.check_file scheduled__2022-09-01T00:00:00+00:00 [queued]>
[2022-09-05 09:24:36,323] {taskinstance.py:1376} INFO - 
--------------------------------------------------------------------------------
[2022-09-05 09:24:36,324] {taskinstance.py:1377} INFO - Starting attempt 3 of 3
[2022-09-05 09:24:36,370] {taskinstance.py:1378} INFO - 
--------------------------------------------------------------------------------
[2022-09-05 09:24:37,235] {taskinstance.py:1397} INFO - Executing <Task(BashOperator): check_file> on 2022-09-01 00:00:00+00:00
[2022-09-05 09:24:37,276] {standard_task_runner.py:52} INFO - Started process 681 to run task
[2022-09-05 09:24:37,282] {standard_task_runner.py:79} INFO - Running: ['***', 'tasks', 'run', 'create_tables', 'check_file', 'scheduled__2022-09-01T00:00:00+00:00', '--job-id', '16', '--raw', '--subdir', 'DAGS_FOLDER/create.py', '--cfg-path', '/tmp/tmphytr9qrm', '--error-file', '/tmp/tmpiiqvr5_y']
[2022-09-05 09:24:37,288] {standard_task_runner.py:80} INFO - Job 16: Subtask check_file
[2022-09-05 09:24:41,703] {task_command.py:371} INFO - Running <TaskInstance: create_tables.check_file scheduled__2022-09-01T00:00:00+00:00 [running]> on host bcd27e6a9f6c
[2022-09-05 09:24:42,780] {taskinstance.py:1591} INFO - Exporting the following env vars:
AIRFLOW_CTX_DAG_OWNER=***
AIRFLOW_CTX_DAG_ID=create_tables
AIRFLOW_CTX_TASK_ID=check_file
AIRFLOW_CTX_EXECUTION_DATE=2022-09-01T00:00:00+00:00
AIRFLOW_CTX_TRY_NUMBER=3
AIRFLOW_CTX_DAG_RUN_ID=scheduled__2022-09-01T00:00:00+00:00
[2022-09-05 09:24:42,998] {subprocess.py:62} INFO - Tmp dir root location: 
 /tmp
[2022-09-05 09:24:43,002] {subprocess.py:74} INFO - Running command: ['bash', '-c', 'shasum~/data/20181024_d1_0830_0900.csv']
[2022-09-05 09:24:43,264] {subprocess.py:85} INFO - Output:
[2022-09-05 09:24:43,292] {subprocess.py:92} INFO - bash: line 1: shasum~/data/20181024_d1_0830_0900.csv: No such file or directory
[2022-09-05 09:24:43,295] {subprocess.py:96} INFO - Command exited with return code 127
[2022-09-05 09:24:43,518] {taskinstance.py:1909} ERROR - Task failed with exception
Traceback (most recent call last):
  File "/home/airflow/.local/lib/python3.7/site-packages/airflow/operators/bash.py", line 195, in execute
    f'Bash command failed. The command returned a non-zero exit code {result.exit_code}.'
airflow.exceptions.AirflowException: Bash command failed. The command returned a non-zero exit code 127.
[2022-09-05 09:24:43,635] {taskinstance.py:1420} INFO - Marking task as FAILED. dag_id=create_tables, task_id=check_file, execution_date=20220901T000000, start_date=20220905T092436, end_date=20220905T092443
[2022-09-05 09:24:44,626] {standard_task_runner.py:97} ERROR - Failed to execute job 16 for task check_file (Bash command failed. The command returned a non-zero exit code 127.; 681)
[2022-09-05 09:24:44,833] {local_task_job.py:156} INFO - Task exited with return code 1
[2022-09-05 09:24:45,410] {local_task_job.py:273} INFO - 0 downstream tasks scheduled from follow-on schedule check
