[2022-09-05 09:54:02,598] {taskinstance.py:1179} INFO - Dependencies all met for <TaskInstance: create_tables.check_file scheduled__2022-09-01T00:00:00+00:00 [queued]>
[2022-09-05 09:54:02,628] {taskinstance.py:1179} INFO - Dependencies all met for <TaskInstance: create_tables.check_file scheduled__2022-09-01T00:00:00+00:00 [queued]>
[2022-09-05 09:54:02,628] {taskinstance.py:1376} INFO - 
--------------------------------------------------------------------------------
[2022-09-05 09:54:02,629] {taskinstance.py:1377} INFO - Starting attempt 7 of 9
[2022-09-05 09:54:02,650] {taskinstance.py:1378} INFO - 
--------------------------------------------------------------------------------
[2022-09-05 09:54:02,721] {taskinstance.py:1397} INFO - Executing <Task(BashOperator): check_file> on 2022-09-01 00:00:00+00:00
[2022-09-05 09:54:02,727] {standard_task_runner.py:52} INFO - Started process 141 to run task
[2022-09-05 09:54:02,734] {standard_task_runner.py:79} INFO - Running: ['***', 'tasks', 'run', 'create_tables', 'check_file', 'scheduled__2022-09-01T00:00:00+00:00', '--job-id', '40', '--raw', '--subdir', 'DAGS_FOLDER/create.py', '--cfg-path', '/tmp/tmpmro4nltt', '--error-file', '/tmp/tmpwlrd_cl1']
[2022-09-05 09:54:02,735] {standard_task_runner.py:80} INFO - Job 40: Subtask check_file
[2022-09-05 09:54:02,919] {task_command.py:371} INFO - Running <TaskInstance: create_tables.check_file scheduled__2022-09-01T00:00:00+00:00 [running]> on host 613319c2eb0f
[2022-09-05 09:54:03,278] {taskinstance.py:1591} INFO - Exporting the following env vars:
AIRFLOW_CTX_DAG_OWNER=***
AIRFLOW_CTX_DAG_ID=create_tables
AIRFLOW_CTX_TASK_ID=check_file
AIRFLOW_CTX_EXECUTION_DATE=2022-09-01T00:00:00+00:00
AIRFLOW_CTX_TRY_NUMBER=7
AIRFLOW_CTX_DAG_RUN_ID=scheduled__2022-09-01T00:00:00+00:00
[2022-09-05 09:54:03,281] {subprocess.py:62} INFO - Tmp dir root location: 
 /tmp
[2022-09-05 09:54:03,283] {subprocess.py:74} INFO - Running command: ['bash', '-c', 'shasum ~/data/20181024_d1_0830_0900.csv']
[2022-09-05 09:54:03,412] {subprocess.py:85} INFO - Output:
[2022-09-05 09:54:03,465] {subprocess.py:92} INFO - shasum: /home/***/data/20181024_d1_0830_0900.csv: No such file or directory
[2022-09-05 09:54:03,466] {subprocess.py:96} INFO - Command exited with return code 1
[2022-09-05 09:54:03,503] {taskinstance.py:1909} ERROR - Task failed with exception
Traceback (most recent call last):
  File "/home/airflow/.local/lib/python3.7/site-packages/airflow/operators/bash.py", line 195, in execute
    f'Bash command failed. The command returned a non-zero exit code {result.exit_code}.'
airflow.exceptions.AirflowException: Bash command failed. The command returned a non-zero exit code 1.
[2022-09-05 09:54:03,510] {taskinstance.py:1420} INFO - Marking task as UP_FOR_RETRY. dag_id=create_tables, task_id=check_file, execution_date=20220901T000000, start_date=20220905T095402, end_date=20220905T095403
[2022-09-05 09:54:03,567] {standard_task_runner.py:97} ERROR - Failed to execute job 40 for task check_file (Bash command failed. The command returned a non-zero exit code 1.; 141)
[2022-09-05 09:54:03,600] {local_task_job.py:156} INFO - Task exited with return code 1
[2022-09-05 09:54:03,742] {local_task_job.py:273} INFO - 0 downstream tasks scheduled from follow-on schedule check
