[2022-09-05 09:28:55,163] {taskinstance.py:1179} INFO - Dependencies all met for <TaskInstance: create_tables.check_file scheduled__2022-09-01T00:00:00+00:00 [queued]>
[2022-09-05 09:28:55,279] {taskinstance.py:1179} INFO - Dependencies all met for <TaskInstance: create_tables.check_file scheduled__2022-09-01T00:00:00+00:00 [queued]>
[2022-09-05 09:28:55,280] {taskinstance.py:1376} INFO - 
--------------------------------------------------------------------------------
[2022-09-05 09:28:55,281] {taskinstance.py:1377} INFO - Starting attempt 4 of 6
[2022-09-05 09:28:55,304] {taskinstance.py:1378} INFO - 
--------------------------------------------------------------------------------
[2022-09-05 09:28:55,512] {taskinstance.py:1397} INFO - Executing <Task(BashOperator): check_file> on 2022-09-01 00:00:00+00:00
[2022-09-05 09:28:55,533] {standard_task_runner.py:52} INFO - Started process 822 to run task
[2022-09-05 09:28:55,553] {standard_task_runner.py:79} INFO - Running: ['***', 'tasks', 'run', 'create_tables', 'check_file', 'scheduled__2022-09-01T00:00:00+00:00', '--job-id', '20', '--raw', '--subdir', 'DAGS_FOLDER/create.py', '--cfg-path', '/tmp/tmpge1t2q_i', '--error-file', '/tmp/tmpjc01ccpn']
[2022-09-05 09:28:55,558] {standard_task_runner.py:80} INFO - Job 20: Subtask check_file
[2022-09-05 09:28:56,280] {task_command.py:371} INFO - Running <TaskInstance: create_tables.check_file scheduled__2022-09-01T00:00:00+00:00 [running]> on host bcd27e6a9f6c
[2022-09-05 09:28:56,699] {taskinstance.py:1591} INFO - Exporting the following env vars:
AIRFLOW_CTX_DAG_OWNER=***
AIRFLOW_CTX_DAG_ID=create_tables
AIRFLOW_CTX_TASK_ID=check_file
AIRFLOW_CTX_EXECUTION_DATE=2022-09-01T00:00:00+00:00
AIRFLOW_CTX_TRY_NUMBER=4
AIRFLOW_CTX_DAG_RUN_ID=scheduled__2022-09-01T00:00:00+00:00
[2022-09-05 09:28:56,701] {subprocess.py:62} INFO - Tmp dir root location: 
 /tmp
[2022-09-05 09:28:56,702] {subprocess.py:74} INFO - Running command: ['bash', '-c', 'shasum~/data/20181024_d1_0830_0900.csv']
[2022-09-05 09:28:56,875] {subprocess.py:85} INFO - Output:
[2022-09-05 09:28:56,896] {subprocess.py:92} INFO - bash: line 1: shasum~/data/20181024_d1_0830_0900.csv: No such file or directory
[2022-09-05 09:28:56,897] {subprocess.py:96} INFO - Command exited with return code 127
[2022-09-05 09:28:57,140] {taskinstance.py:1909} ERROR - Task failed with exception
Traceback (most recent call last):
  File "/home/airflow/.local/lib/python3.7/site-packages/airflow/operators/bash.py", line 195, in execute
    f'Bash command failed. The command returned a non-zero exit code {result.exit_code}.'
airflow.exceptions.AirflowException: Bash command failed. The command returned a non-zero exit code 127.
[2022-09-05 09:28:57,173] {taskinstance.py:1420} INFO - Marking task as UP_FOR_RETRY. dag_id=create_tables, task_id=check_file, execution_date=20220901T000000, start_date=20220905T092855, end_date=20220905T092857
[2022-09-05 09:28:57,327] {standard_task_runner.py:97} ERROR - Failed to execute job 20 for task check_file (Bash command failed. The command returned a non-zero exit code 127.; 822)
[2022-09-05 09:28:57,373] {local_task_job.py:156} INFO - Task exited with return code 1
[2022-09-05 09:28:57,855] {local_task_job.py:273} INFO - 0 downstream tasks scheduled from follow-on schedule check
