[2022-09-05 14:35:25,893] {taskinstance.py:1179} INFO - Dependencies all met for <TaskInstance: create_tables.check_file scheduled__2022-09-01T00:00:00+00:00 [queued]>
[2022-09-05 14:35:26,036] {taskinstance.py:1179} INFO - Dependencies all met for <TaskInstance: create_tables.check_file scheduled__2022-09-01T00:00:00+00:00 [queued]>
[2022-09-05 14:35:26,044] {taskinstance.py:1376} INFO - 
--------------------------------------------------------------------------------
[2022-09-05 14:35:26,046] {taskinstance.py:1377} INFO - Starting attempt 27 of 27
[2022-09-05 14:35:26,050] {taskinstance.py:1378} INFO - 
--------------------------------------------------------------------------------
[2022-09-05 14:35:26,370] {taskinstance.py:1397} INFO - Executing <Task(BashOperator): check_file> on 2022-09-01 00:00:00+00:00
[2022-09-05 14:35:26,392] {standard_task_runner.py:52} INFO - Started process 1278 to run task
[2022-09-05 14:35:26,483] {standard_task_runner.py:79} INFO - Running: ['***', 'tasks', 'run', 'create_tables', 'check_file', 'scheduled__2022-09-01T00:00:00+00:00', '--job-id', '144', '--raw', '--subdir', 'DAGS_FOLDER/create.py', '--cfg-path', '/tmp/tmpo_3ycghw', '--error-file', '/tmp/tmpr5mu1ail']
[2022-09-05 14:35:26,498] {standard_task_runner.py:80} INFO - Job 144: Subtask check_file
[2022-09-05 14:35:27,290] {task_command.py:371} INFO - Running <TaskInstance: create_tables.check_file scheduled__2022-09-01T00:00:00+00:00 [running]> on host cdeef4137858
[2022-09-05 14:35:28,581] {taskinstance.py:1591} INFO - Exporting the following env vars:
AIRFLOW_CTX_DAG_OWNER=***
AIRFLOW_CTX_DAG_ID=create_tables
AIRFLOW_CTX_TASK_ID=check_file
AIRFLOW_CTX_EXECUTION_DATE=2022-09-01T00:00:00+00:00
AIRFLOW_CTX_TRY_NUMBER=27
AIRFLOW_CTX_DAG_RUN_ID=scheduled__2022-09-01T00:00:00+00:00
[2022-09-05 14:35:28,584] {subprocess.py:62} INFO - Tmp dir root location: 
 /tmp
[2022-09-05 14:35:28,588] {subprocess.py:74} INFO - Running command: ['bash', '-c', '/var/lib/mysql-files/data/20181024_d1_0830_0900.csv']
[2022-09-05 14:35:28,616] {subprocess.py:85} INFO - Output:
[2022-09-05 14:35:28,620] {subprocess.py:92} INFO - bash: line 1: /var/lib/mysql-files/data/20181024_d1_0830_0900.csv: No such file or directory
[2022-09-05 14:35:28,621] {subprocess.py:96} INFO - Command exited with return code 127
[2022-09-05 14:35:29,085] {taskinstance.py:1909} ERROR - Task failed with exception
Traceback (most recent call last):
  File "/home/airflow/.local/lib/python3.7/site-packages/airflow/operators/bash.py", line 195, in execute
    f'Bash command failed. The command returned a non-zero exit code {result.exit_code}.'
airflow.exceptions.AirflowException: Bash command failed. The command returned a non-zero exit code 127.
[2022-09-05 14:35:29,136] {taskinstance.py:1420} INFO - Marking task as FAILED. dag_id=create_tables, task_id=check_file, execution_date=20220901T000000, start_date=20220905T143525, end_date=20220905T143529
[2022-09-05 14:35:29,321] {standard_task_runner.py:97} ERROR - Failed to execute job 144 for task check_file (Bash command failed. The command returned a non-zero exit code 127.; 1278)
[2022-09-05 14:35:29,368] {local_task_job.py:156} INFO - Task exited with return code 1
[2022-09-05 14:35:29,843] {local_task_job.py:273} INFO - 0 downstream tasks scheduled from follow-on schedule check
