[2022-09-05 10:12:24,785] {taskinstance.py:1179} INFO - Dependencies all met for <TaskInstance: create_tables.check_file scheduled__2022-09-02T00:00:00+00:00 [queued]>
[2022-09-05 10:12:24,824] {taskinstance.py:1179} INFO - Dependencies all met for <TaskInstance: create_tables.check_file scheduled__2022-09-02T00:00:00+00:00 [queued]>
[2022-09-05 10:12:24,824] {taskinstance.py:1376} INFO - 
--------------------------------------------------------------------------------
[2022-09-05 10:12:24,825] {taskinstance.py:1377} INFO - Starting attempt 19 of 21
[2022-09-05 10:12:24,841] {taskinstance.py:1378} INFO - 
--------------------------------------------------------------------------------
[2022-09-05 10:12:24,916] {taskinstance.py:1397} INFO - Executing <Task(BashOperator): check_file> on 2022-09-02 00:00:00+00:00
[2022-09-05 10:12:24,924] {standard_task_runner.py:52} INFO - Started process 936 to run task
[2022-09-05 10:12:24,937] {standard_task_runner.py:79} INFO - Running: ['***', 'tasks', 'run', 'create_tables', 'check_file', 'scheduled__2022-09-02T00:00:00+00:00', '--job-id', '104', '--raw', '--subdir', 'DAGS_FOLDER/create.py', '--cfg-path', '/tmp/tmpfahhcq44', '--error-file', '/tmp/tmplvr8bh42']
[2022-09-05 10:12:24,939] {standard_task_runner.py:80} INFO - Job 104: Subtask check_file
[2022-09-05 10:12:25,330] {task_command.py:371} INFO - Running <TaskInstance: create_tables.check_file scheduled__2022-09-02T00:00:00+00:00 [running]> on host 613319c2eb0f
[2022-09-05 10:12:26,100] {taskinstance.py:1591} INFO - Exporting the following env vars:
AIRFLOW_CTX_DAG_OWNER=***
AIRFLOW_CTX_DAG_ID=create_tables
AIRFLOW_CTX_TASK_ID=check_file
AIRFLOW_CTX_EXECUTION_DATE=2022-09-02T00:00:00+00:00
AIRFLOW_CTX_TRY_NUMBER=19
AIRFLOW_CTX_DAG_RUN_ID=scheduled__2022-09-02T00:00:00+00:00
[2022-09-05 10:12:26,103] {subprocess.py:62} INFO - Tmp dir root location: 
 /tmp
[2022-09-05 10:12:26,105] {subprocess.py:74} INFO - Running command: ['bash', '-c', 'shasum ~ /data/20181024_d1_0830_0900.csv']
[2022-09-05 10:12:26,233] {subprocess.py:85} INFO - Output:
[2022-09-05 10:12:26,337] {subprocess.py:92} INFO - shasum: /home/***: Is a directory
[2022-09-05 10:12:26,338] {subprocess.py:92} INFO - shasum: /data/20181024_d1_0830_0900.csv: No such file or directory
[2022-09-05 10:12:26,339] {subprocess.py:96} INFO - Command exited with return code 1
[2022-09-05 10:12:26,393] {taskinstance.py:1909} ERROR - Task failed with exception
Traceback (most recent call last):
  File "/home/airflow/.local/lib/python3.7/site-packages/airflow/operators/bash.py", line 195, in execute
    f'Bash command failed. The command returned a non-zero exit code {result.exit_code}.'
airflow.exceptions.AirflowException: Bash command failed. The command returned a non-zero exit code 1.
[2022-09-05 10:12:26,409] {taskinstance.py:1420} INFO - Marking task as UP_FOR_RETRY. dag_id=create_tables, task_id=check_file, execution_date=20220902T000000, start_date=20220905T101224, end_date=20220905T101226
[2022-09-05 10:12:26,473] {standard_task_runner.py:97} ERROR - Failed to execute job 104 for task check_file (Bash command failed. The command returned a non-zero exit code 1.; 936)
[2022-09-05 10:12:26,519] {local_task_job.py:156} INFO - Task exited with return code 1
[2022-09-05 10:12:26,671] {local_task_job.py:273} INFO - 0 downstream tasks scheduled from follow-on schedule check
