[2022-09-05 14:26:42,968] {taskinstance.py:1179} INFO - Dependencies all met for <TaskInstance: create_tables.check_file scheduled__2022-09-02T00:00:00+00:00 [queued]>
[2022-09-05 14:26:42,993] {taskinstance.py:1179} INFO - Dependencies all met for <TaskInstance: create_tables.check_file scheduled__2022-09-02T00:00:00+00:00 [queued]>
[2022-09-05 14:26:42,994] {taskinstance.py:1376} INFO - 
--------------------------------------------------------------------------------
[2022-09-05 14:26:42,994] {taskinstance.py:1377} INFO - Starting attempt 23 of 24
[2022-09-05 14:26:42,995] {taskinstance.py:1378} INFO - 
--------------------------------------------------------------------------------
[2022-09-05 14:26:43,106] {taskinstance.py:1397} INFO - Executing <Task(BashOperator): check_file> on 2022-09-02 00:00:00+00:00
[2022-09-05 14:26:43,114] {standard_task_runner.py:52} INFO - Started process 931 to run task
[2022-09-05 14:26:43,120] {standard_task_runner.py:79} INFO - Running: ['***', 'tasks', 'run', 'create_tables', 'check_file', 'scheduled__2022-09-02T00:00:00+00:00', '--job-id', '125', '--raw', '--subdir', 'DAGS_FOLDER/create.py', '--cfg-path', '/tmp/tmp5w0u2ct8', '--error-file', '/tmp/tmp2y5upovr']
[2022-09-05 14:26:43,121] {standard_task_runner.py:80} INFO - Job 125: Subtask check_file
[2022-09-05 14:26:43,364] {task_command.py:371} INFO - Running <TaskInstance: create_tables.check_file scheduled__2022-09-02T00:00:00+00:00 [running]> on host cdeef4137858
[2022-09-05 14:26:43,664] {taskinstance.py:1591} INFO - Exporting the following env vars:
AIRFLOW_CTX_DAG_OWNER=***
AIRFLOW_CTX_DAG_ID=create_tables
AIRFLOW_CTX_TASK_ID=check_file
AIRFLOW_CTX_EXECUTION_DATE=2022-09-02T00:00:00+00:00
AIRFLOW_CTX_TRY_NUMBER=23
AIRFLOW_CTX_DAG_RUN_ID=scheduled__2022-09-02T00:00:00+00:00
[2022-09-05 14:26:43,666] {subprocess.py:62} INFO - Tmp dir root location: 
 /tmp
[2022-09-05 14:26:43,667] {subprocess.py:74} INFO - Running command: ['bash', '-c', 'shasum ~ /data/20181024_d1_0830_0900.csv']
[2022-09-05 14:26:43,685] {subprocess.py:85} INFO - Output:
[2022-09-05 14:26:43,748] {subprocess.py:92} INFO - shasum: /home/***: Is a directory
[2022-09-05 14:26:43,749] {subprocess.py:92} INFO - shasum: /data/20181024_d1_0830_0900.csv: No such file or directory
[2022-09-05 14:26:43,750] {subprocess.py:96} INFO - Command exited with return code 1
[2022-09-05 14:26:43,776] {taskinstance.py:1909} ERROR - Task failed with exception
Traceback (most recent call last):
  File "/home/airflow/.local/lib/python3.7/site-packages/airflow/operators/bash.py", line 195, in execute
    f'Bash command failed. The command returned a non-zero exit code {result.exit_code}.'
airflow.exceptions.AirflowException: Bash command failed. The command returned a non-zero exit code 1.
[2022-09-05 14:26:43,785] {taskinstance.py:1420} INFO - Marking task as UP_FOR_RETRY. dag_id=create_tables, task_id=check_file, execution_date=20220902T000000, start_date=20220905T142642, end_date=20220905T142643
[2022-09-05 14:26:43,893] {standard_task_runner.py:97} ERROR - Failed to execute job 125 for task check_file (Bash command failed. The command returned a non-zero exit code 1.; 931)
[2022-09-05 14:26:43,938] {local_task_job.py:156} INFO - Task exited with return code 1
[2022-09-05 14:26:44,150] {local_task_job.py:273} INFO - 0 downstream tasks scheduled from follow-on schedule check
