[2022-09-05 09:24:10,575] {taskinstance.py:1179} INFO - Dependencies all met for <TaskInstance: create_tables.check_file scheduled__2022-09-02T00:00:00+00:00 [queued]>
[2022-09-05 09:24:10,687] {taskinstance.py:1179} INFO - Dependencies all met for <TaskInstance: create_tables.check_file scheduled__2022-09-02T00:00:00+00:00 [queued]>
[2022-09-05 09:24:10,690] {taskinstance.py:1376} INFO - 
--------------------------------------------------------------------------------
[2022-09-05 09:24:10,690] {taskinstance.py:1377} INFO - Starting attempt 2 of 3
[2022-09-05 09:24:10,803] {taskinstance.py:1378} INFO - 
--------------------------------------------------------------------------------
[2022-09-05 09:24:11,064] {taskinstance.py:1397} INFO - Executing <Task(BashOperator): check_file> on 2022-09-02 00:00:00+00:00
[2022-09-05 09:24:11,232] {standard_task_runner.py:52} INFO - Started process 657 to run task
[2022-09-05 09:24:11,240] {standard_task_runner.py:79} INFO - Running: ['***', 'tasks', 'run', 'create_tables', 'check_file', 'scheduled__2022-09-02T00:00:00+00:00', '--job-id', '11', '--raw', '--subdir', 'DAGS_FOLDER/create.py', '--cfg-path', '/tmp/tmpw170t99o', '--error-file', '/tmp/tmpfjdnlhpk']
[2022-09-05 09:24:11,245] {standard_task_runner.py:80} INFO - Job 11: Subtask check_file
[2022-09-05 09:24:11,661] {task_command.py:371} INFO - Running <TaskInstance: create_tables.check_file scheduled__2022-09-02T00:00:00+00:00 [running]> on host bcd27e6a9f6c
[2022-09-05 09:24:12,556] {taskinstance.py:1591} INFO - Exporting the following env vars:
AIRFLOW_CTX_DAG_OWNER=***
AIRFLOW_CTX_DAG_ID=create_tables
AIRFLOW_CTX_TASK_ID=check_file
AIRFLOW_CTX_EXECUTION_DATE=2022-09-02T00:00:00+00:00
AIRFLOW_CTX_TRY_NUMBER=2
AIRFLOW_CTX_DAG_RUN_ID=scheduled__2022-09-02T00:00:00+00:00
[2022-09-05 09:24:12,559] {subprocess.py:62} INFO - Tmp dir root location: 
 /tmp
[2022-09-05 09:24:12,593] {subprocess.py:74} INFO - Running command: ['bash', '-c', 'shasum~/data/20181024_d1_0830_0900.csv']
[2022-09-05 09:24:12,642] {subprocess.py:85} INFO - Output:
[2022-09-05 09:24:12,658] {subprocess.py:92} INFO - bash: line 1: shasum~/data/20181024_d1_0830_0900.csv: No such file or directory
[2022-09-05 09:24:12,660] {subprocess.py:96} INFO - Command exited with return code 127
[2022-09-05 09:24:12,779] {taskinstance.py:1909} ERROR - Task failed with exception
Traceback (most recent call last):
  File "/home/airflow/.local/lib/python3.7/site-packages/airflow/operators/bash.py", line 195, in execute
    f'Bash command failed. The command returned a non-zero exit code {result.exit_code}.'
airflow.exceptions.AirflowException: Bash command failed. The command returned a non-zero exit code 127.
[2022-09-05 09:24:12,811] {taskinstance.py:1420} INFO - Marking task as UP_FOR_RETRY. dag_id=create_tables, task_id=check_file, execution_date=20220902T000000, start_date=20220905T092410, end_date=20220905T092412
[2022-09-05 09:24:13,179] {standard_task_runner.py:97} ERROR - Failed to execute job 11 for task check_file (Bash command failed. The command returned a non-zero exit code 127.; 657)
[2022-09-05 09:24:13,238] {local_task_job.py:156} INFO - Task exited with return code 1
[2022-09-05 09:24:13,833] {local_task_job.py:273} INFO - 0 downstream tasks scheduled from follow-on schedule check
