[2022-09-05 14:38:34,764] {taskinstance.py:1179} INFO - Dependencies all met for <TaskInstance: create_tables.check_file scheduled__2022-09-02T00:00:00+00:00 [queued]>
[2022-09-05 14:38:34,787] {taskinstance.py:1179} INFO - Dependencies all met for <TaskInstance: create_tables.check_file scheduled__2022-09-02T00:00:00+00:00 [queued]>
[2022-09-05 14:38:34,788] {taskinstance.py:1376} INFO - 
--------------------------------------------------------------------------------
[2022-09-05 14:38:34,788] {taskinstance.py:1377} INFO - Starting attempt 29 of 30
[2022-09-05 14:38:34,791] {taskinstance.py:1378} INFO - 
--------------------------------------------------------------------------------
[2022-09-05 14:38:34,911] {taskinstance.py:1397} INFO - Executing <Task(BashOperator): check_file> on 2022-09-02 00:00:00+00:00
[2022-09-05 14:38:34,922] {standard_task_runner.py:52} INFO - Started process 1426 to run task
[2022-09-05 14:38:34,929] {standard_task_runner.py:79} INFO - Running: ['***', 'tasks', 'run', 'create_tables', 'check_file', 'scheduled__2022-09-02T00:00:00+00:00', '--job-id', '157', '--raw', '--subdir', 'DAGS_FOLDER/create.py', '--cfg-path', '/tmp/tmpudp86765', '--error-file', '/tmp/tmp1loa930r']
[2022-09-05 14:38:34,932] {standard_task_runner.py:80} INFO - Job 157: Subtask check_file
[2022-09-05 14:38:35,153] {task_command.py:371} INFO - Running <TaskInstance: create_tables.check_file scheduled__2022-09-02T00:00:00+00:00 [running]> on host cdeef4137858
[2022-09-05 14:38:35,365] {taskinstance.py:1591} INFO - Exporting the following env vars:
AIRFLOW_CTX_DAG_OWNER=***
AIRFLOW_CTX_DAG_ID=create_tables
AIRFLOW_CTX_TASK_ID=check_file
AIRFLOW_CTX_EXECUTION_DATE=2022-09-02T00:00:00+00:00
AIRFLOW_CTX_TRY_NUMBER=29
AIRFLOW_CTX_DAG_RUN_ID=scheduled__2022-09-02T00:00:00+00:00
[2022-09-05 14:38:35,367] {subprocess.py:62} INFO - Tmp dir root location: 
 /tmp
[2022-09-05 14:38:35,369] {subprocess.py:74} INFO - Running command: ['bash', '-c', '/var/lib/mysql-files/20181024_d1_0830_0900.csv']
[2022-09-05 14:38:35,384] {subprocess.py:85} INFO - Output:
[2022-09-05 14:38:35,387] {subprocess.py:92} INFO - bash: line 1: /var/lib/mysql-files/20181024_d1_0830_0900.csv: No such file or directory
[2022-09-05 14:38:35,388] {subprocess.py:96} INFO - Command exited with return code 127
[2022-09-05 14:38:35,417] {taskinstance.py:1909} ERROR - Task failed with exception
Traceback (most recent call last):
  File "/home/airflow/.local/lib/python3.7/site-packages/airflow/operators/bash.py", line 195, in execute
    f'Bash command failed. The command returned a non-zero exit code {result.exit_code}.'
airflow.exceptions.AirflowException: Bash command failed. The command returned a non-zero exit code 127.
[2022-09-05 14:38:35,428] {taskinstance.py:1420} INFO - Marking task as UP_FOR_RETRY. dag_id=create_tables, task_id=check_file, execution_date=20220902T000000, start_date=20220905T143834, end_date=20220905T143835
[2022-09-05 14:38:35,544] {standard_task_runner.py:97} ERROR - Failed to execute job 157 for task check_file (Bash command failed. The command returned a non-zero exit code 127.; 1426)
[2022-09-05 14:38:35,587] {local_task_job.py:156} INFO - Task exited with return code 1
[2022-09-05 14:38:35,732] {local_task_job.py:273} INFO - 0 downstream tasks scheduled from follow-on schedule check
