[2022-09-05 14:27:12,193] {taskinstance.py:1179} INFO - Dependencies all met for <TaskInstance: create_tables.check_file scheduled__2022-09-04T00:00:00+00:00 [queued]>
[2022-09-05 14:27:12,216] {taskinstance.py:1179} INFO - Dependencies all met for <TaskInstance: create_tables.check_file scheduled__2022-09-04T00:00:00+00:00 [queued]>
[2022-09-05 14:27:12,217] {taskinstance.py:1376} INFO - 
--------------------------------------------------------------------------------
[2022-09-05 14:27:12,218] {taskinstance.py:1377} INFO - Starting attempt 24 of 24
[2022-09-05 14:27:12,218] {taskinstance.py:1378} INFO - 
--------------------------------------------------------------------------------
[2022-09-05 14:27:12,283] {taskinstance.py:1397} INFO - Executing <Task(BashOperator): check_file> on 2022-09-04 00:00:00+00:00
[2022-09-05 14:27:12,290] {standard_task_runner.py:52} INFO - Started process 966 to run task
[2022-09-05 14:27:12,296] {standard_task_runner.py:79} INFO - Running: ['***', 'tasks', 'run', 'create_tables', 'check_file', 'scheduled__2022-09-04T00:00:00+00:00', '--job-id', '131', '--raw', '--subdir', 'DAGS_FOLDER/create.py', '--cfg-path', '/tmp/tmp_rz1nokl', '--error-file', '/tmp/tmpa4rsi8yq']
[2022-09-05 14:27:12,297] {standard_task_runner.py:80} INFO - Job 131: Subtask check_file
[2022-09-05 14:27:12,535] {task_command.py:371} INFO - Running <TaskInstance: create_tables.check_file scheduled__2022-09-04T00:00:00+00:00 [running]> on host cdeef4137858
[2022-09-05 14:27:12,912] {taskinstance.py:1591} INFO - Exporting the following env vars:
AIRFLOW_CTX_DAG_OWNER=***
AIRFLOW_CTX_DAG_ID=create_tables
AIRFLOW_CTX_TASK_ID=check_file
AIRFLOW_CTX_EXECUTION_DATE=2022-09-04T00:00:00+00:00
AIRFLOW_CTX_TRY_NUMBER=24
AIRFLOW_CTX_DAG_RUN_ID=scheduled__2022-09-04T00:00:00+00:00
[2022-09-05 14:27:12,926] {subprocess.py:62} INFO - Tmp dir root location: 
 /tmp
[2022-09-05 14:27:12,927] {subprocess.py:74} INFO - Running command: ['bash', '-c', 'shasum ~ /data/20181024_d1_0830_0900.csv']
[2022-09-05 14:27:12,956] {subprocess.py:85} INFO - Output:
[2022-09-05 14:27:13,034] {subprocess.py:92} INFO - shasum: /home/***: Is a directory
[2022-09-05 14:27:13,035] {subprocess.py:92} INFO - shasum: /data/20181024_d1_0830_0900.csv: No such file or directory
[2022-09-05 14:27:13,037] {subprocess.py:96} INFO - Command exited with return code 1
[2022-09-05 14:27:13,116] {taskinstance.py:1909} ERROR - Task failed with exception
Traceback (most recent call last):
  File "/home/airflow/.local/lib/python3.7/site-packages/airflow/operators/bash.py", line 195, in execute
    f'Bash command failed. The command returned a non-zero exit code {result.exit_code}.'
airflow.exceptions.AirflowException: Bash command failed. The command returned a non-zero exit code 1.
[2022-09-05 14:27:13,128] {taskinstance.py:1420} INFO - Marking task as FAILED. dag_id=create_tables, task_id=check_file, execution_date=20220904T000000, start_date=20220905T142712, end_date=20220905T142713
[2022-09-05 14:27:13,205] {standard_task_runner.py:97} ERROR - Failed to execute job 131 for task check_file (Bash command failed. The command returned a non-zero exit code 1.; 966)
[2022-09-05 14:27:13,254] {local_task_job.py:156} INFO - Task exited with return code 1
[2022-09-05 14:27:13,408] {local_task_job.py:273} INFO - 0 downstream tasks scheduled from follow-on schedule check
