[2022-09-05 10:10:54,532] {taskinstance.py:1179} INFO - Dependencies all met for <TaskInstance: create_tables.check_file scheduled__2022-09-04T00:00:00+00:00 [queued]>
[2022-09-05 10:10:54,565] {taskinstance.py:1179} INFO - Dependencies all met for <TaskInstance: create_tables.check_file scheduled__2022-09-04T00:00:00+00:00 [queued]>
[2022-09-05 10:10:54,566] {taskinstance.py:1376} INFO - 
--------------------------------------------------------------------------------
[2022-09-05 10:10:54,566] {taskinstance.py:1377} INFO - Starting attempt 18 of 18
[2022-09-05 10:10:54,593] {taskinstance.py:1378} INFO - 
--------------------------------------------------------------------------------
[2022-09-05 10:10:54,749] {taskinstance.py:1397} INFO - Executing <Task(BashOperator): check_file> on 2022-09-04 00:00:00+00:00
[2022-09-05 10:10:54,762] {standard_task_runner.py:52} INFO - Started process 866 to run task
[2022-09-05 10:10:54,768] {standard_task_runner.py:79} INFO - Running: ['***', 'tasks', 'run', 'create_tables', 'check_file', 'scheduled__2022-09-04T00:00:00+00:00', '--job-id', '98', '--raw', '--subdir', 'DAGS_FOLDER/create.py', '--cfg-path', '/tmp/tmpvn32qern', '--error-file', '/tmp/tmpws78rcd6']
[2022-09-05 10:10:54,769] {standard_task_runner.py:80} INFO - Job 98: Subtask check_file
[2022-09-05 10:10:55,004] {task_command.py:371} INFO - Running <TaskInstance: create_tables.check_file scheduled__2022-09-04T00:00:00+00:00 [running]> on host 613319c2eb0f
[2022-09-05 10:10:55,247] {taskinstance.py:1591} INFO - Exporting the following env vars:
AIRFLOW_CTX_DAG_OWNER=***
AIRFLOW_CTX_DAG_ID=create_tables
AIRFLOW_CTX_TASK_ID=check_file
AIRFLOW_CTX_EXECUTION_DATE=2022-09-04T00:00:00+00:00
AIRFLOW_CTX_TRY_NUMBER=18
AIRFLOW_CTX_DAG_RUN_ID=scheduled__2022-09-04T00:00:00+00:00
[2022-09-05 10:10:55,249] {subprocess.py:62} INFO - Tmp dir root location: 
 /tmp
[2022-09-05 10:10:55,251] {subprocess.py:74} INFO - Running command: ['bash', '-c', ' ~ /data/20181024_d1_0830_0900.csv']
[2022-09-05 10:10:55,273] {subprocess.py:85} INFO - Output:
[2022-09-05 10:10:55,278] {subprocess.py:92} INFO - bash: line 1: /home/***: Is a directory
[2022-09-05 10:10:55,279] {subprocess.py:96} INFO - Command exited with return code 126
[2022-09-05 10:10:55,329] {taskinstance.py:1909} ERROR - Task failed with exception
Traceback (most recent call last):
  File "/home/airflow/.local/lib/python3.7/site-packages/airflow/operators/bash.py", line 195, in execute
    f'Bash command failed. The command returned a non-zero exit code {result.exit_code}.'
airflow.exceptions.AirflowException: Bash command failed. The command returned a non-zero exit code 126.
[2022-09-05 10:10:55,352] {taskinstance.py:1420} INFO - Marking task as FAILED. dag_id=create_tables, task_id=check_file, execution_date=20220904T000000, start_date=20220905T101054, end_date=20220905T101055
[2022-09-05 10:10:55,485] {standard_task_runner.py:97} ERROR - Failed to execute job 98 for task check_file (Bash command failed. The command returned a non-zero exit code 126.; 866)
[2022-09-05 10:10:55,516] {local_task_job.py:156} INFO - Task exited with return code 1
[2022-09-05 10:10:55,875] {local_task_job.py:273} INFO - 0 downstream tasks scheduled from follow-on schedule check
