[2022-09-05 09:54:27,094] {taskinstance.py:1179} INFO - Dependencies all met for <TaskInstance: create_tables.check_file scheduled__2022-09-04T00:00:00+00:00 [queued]>
[2022-09-05 09:54:27,136] {taskinstance.py:1179} INFO - Dependencies all met for <TaskInstance: create_tables.check_file scheduled__2022-09-04T00:00:00+00:00 [queued]>
[2022-09-05 09:54:27,137] {taskinstance.py:1376} INFO - 
--------------------------------------------------------------------------------
[2022-09-05 09:54:27,137] {taskinstance.py:1377} INFO - Starting attempt 9 of 9
[2022-09-05 09:54:27,304] {taskinstance.py:1378} INFO - 
--------------------------------------------------------------------------------
[2022-09-05 09:54:28,246] {taskinstance.py:1397} INFO - Executing <Task(BashOperator): check_file> on 2022-09-04 00:00:00+00:00
[2022-09-05 09:54:28,253] {standard_task_runner.py:52} INFO - Started process 171 to run task
[2022-09-05 09:54:28,259] {standard_task_runner.py:79} INFO - Running: ['***', 'tasks', 'run', 'create_tables', 'check_file', 'scheduled__2022-09-04T00:00:00+00:00', '--job-id', '48', '--raw', '--subdir', 'DAGS_FOLDER/create.py', '--cfg-path', '/tmp/tmp4x50wcf9', '--error-file', '/tmp/tmp22ibwax4']
[2022-09-05 09:54:28,260] {standard_task_runner.py:80} INFO - Job 48: Subtask check_file
[2022-09-05 09:54:29,190] {task_command.py:371} INFO - Running <TaskInstance: create_tables.check_file scheduled__2022-09-04T00:00:00+00:00 [running]> on host 613319c2eb0f
[2022-09-05 09:54:30,118] {taskinstance.py:1591} INFO - Exporting the following env vars:
AIRFLOW_CTX_DAG_OWNER=***
AIRFLOW_CTX_DAG_ID=create_tables
AIRFLOW_CTX_TASK_ID=check_file
AIRFLOW_CTX_EXECUTION_DATE=2022-09-04T00:00:00+00:00
AIRFLOW_CTX_TRY_NUMBER=9
AIRFLOW_CTX_DAG_RUN_ID=scheduled__2022-09-04T00:00:00+00:00
[2022-09-05 09:54:30,133] {subprocess.py:62} INFO - Tmp dir root location: 
 /tmp
[2022-09-05 09:54:30,135] {subprocess.py:74} INFO - Running command: ['bash', '-c', 'shasum ~/data/20181024_d1_0830_0900.csv']
[2022-09-05 09:54:30,600] {subprocess.py:85} INFO - Output:
[2022-09-05 09:54:30,925] {subprocess.py:92} INFO - shasum: /home/***/data/20181024_d1_0830_0900.csv: No such file or directory
[2022-09-05 09:54:30,976] {subprocess.py:96} INFO - Command exited with return code 1
[2022-09-05 09:54:31,686] {taskinstance.py:1909} ERROR - Task failed with exception
Traceback (most recent call last):
  File "/home/airflow/.local/lib/python3.7/site-packages/airflow/operators/bash.py", line 195, in execute
    f'Bash command failed. The command returned a non-zero exit code {result.exit_code}.'
airflow.exceptions.AirflowException: Bash command failed. The command returned a non-zero exit code 1.
[2022-09-05 09:54:32,141] {taskinstance.py:1420} INFO - Marking task as FAILED. dag_id=create_tables, task_id=check_file, execution_date=20220904T000000, start_date=20220905T095427, end_date=20220905T095432
[2022-09-05 09:54:32,472] {standard_task_runner.py:97} ERROR - Failed to execute job 48 for task check_file (Bash command failed. The command returned a non-zero exit code 1.; 171)
[2022-09-05 09:54:32,591] {local_task_job.py:156} INFO - Task exited with return code 1
[2022-09-05 09:54:33,324] {local_task_job.py:273} INFO - 0 downstream tasks scheduled from follow-on schedule check
