[2022-09-05 10:11:03,713] {taskinstance.py:1179} INFO - Dependencies all met for <TaskInstance: create_tables.check_file scheduled__2022-09-03T00:00:00+00:00 [queued]>
[2022-09-05 10:11:03,761] {taskinstance.py:1179} INFO - Dependencies all met for <TaskInstance: create_tables.check_file scheduled__2022-09-03T00:00:00+00:00 [queued]>
[2022-09-05 10:11:03,764] {taskinstance.py:1376} INFO - 
--------------------------------------------------------------------------------
[2022-09-05 10:11:03,765] {taskinstance.py:1377} INFO - Starting attempt 18 of 18
[2022-09-05 10:11:03,766] {taskinstance.py:1378} INFO - 
--------------------------------------------------------------------------------
[2022-09-05 10:11:03,884] {taskinstance.py:1397} INFO - Executing <Task(BashOperator): check_file> on 2022-09-03 00:00:00+00:00
[2022-09-05 10:11:03,904] {standard_task_runner.py:52} INFO - Started process 878 to run task
[2022-09-05 10:11:03,911] {standard_task_runner.py:79} INFO - Running: ['***', 'tasks', 'run', 'create_tables', 'check_file', 'scheduled__2022-09-03T00:00:00+00:00', '--job-id', '99', '--raw', '--subdir', 'DAGS_FOLDER/create.py', '--cfg-path', '/tmp/tmpnf5vh7oe', '--error-file', '/tmp/tmp77tlxr86']
[2022-09-05 10:11:03,917] {standard_task_runner.py:80} INFO - Job 99: Subtask check_file
[2022-09-05 10:11:04,322] {task_command.py:371} INFO - Running <TaskInstance: create_tables.check_file scheduled__2022-09-03T00:00:00+00:00 [running]> on host 613319c2eb0f
[2022-09-05 10:11:04,734] {taskinstance.py:1591} INFO - Exporting the following env vars:
AIRFLOW_CTX_DAG_OWNER=***
AIRFLOW_CTX_DAG_ID=create_tables
AIRFLOW_CTX_TASK_ID=check_file
AIRFLOW_CTX_EXECUTION_DATE=2022-09-03T00:00:00+00:00
AIRFLOW_CTX_TRY_NUMBER=18
AIRFLOW_CTX_DAG_RUN_ID=scheduled__2022-09-03T00:00:00+00:00
[2022-09-05 10:11:04,736] {subprocess.py:62} INFO - Tmp dir root location: 
 /tmp
[2022-09-05 10:11:04,737] {subprocess.py:74} INFO - Running command: ['bash', '-c', ' ~ /data/20181024_d1_0830_0900.csv']
[2022-09-05 10:11:04,761] {subprocess.py:85} INFO - Output:
[2022-09-05 10:11:04,766] {subprocess.py:92} INFO - bash: line 1: /home/***: Is a directory
[2022-09-05 10:11:04,769] {subprocess.py:96} INFO - Command exited with return code 126
[2022-09-05 10:11:04,810] {taskinstance.py:1909} ERROR - Task failed with exception
Traceback (most recent call last):
  File "/home/airflow/.local/lib/python3.7/site-packages/airflow/operators/bash.py", line 195, in execute
    f'Bash command failed. The command returned a non-zero exit code {result.exit_code}.'
airflow.exceptions.AirflowException: Bash command failed. The command returned a non-zero exit code 126.
[2022-09-05 10:11:04,821] {taskinstance.py:1420} INFO - Marking task as FAILED. dag_id=create_tables, task_id=check_file, execution_date=20220903T000000, start_date=20220905T101103, end_date=20220905T101104
[2022-09-05 10:11:04,877] {standard_task_runner.py:97} ERROR - Failed to execute job 99 for task check_file (Bash command failed. The command returned a non-zero exit code 126.; 878)
[2022-09-05 10:11:04,907] {local_task_job.py:156} INFO - Task exited with return code 1
[2022-09-05 10:11:05,261] {local_task_job.py:273} INFO - 0 downstream tasks scheduled from follow-on schedule check
